Open PicoBlaze Assembler log for program "swap.psm4"
Generated by opbasm v1.3.9
  Assembled on 2019-08-31T23:15:52
  Target architecture: PicoBlaze-3

  Last occupied address: 016 hex
  Nominal program memory size: 1K (1024)  address(9:0)
  Actual memory size: 1024
  Occupied memory locations: 23
  Memory locations available: 1001
  Scratchpad size: 64


Assembly listing
----------------
000                                     ;:::::::::: Configure test environment ::::::::::
000                                     namereg sd, ERRORS             ; Error count
000                                     namereg se, TEMP               ; Temp register
000                                     namereg sf, SP                 ; Stack pointer

000                                     constant portConsole, FE
000                                     constant portQuit, FF
000                                     constant portISR, FC

000                                     constant portROM_H, fa
000                                     constant portROM_L, fb












000  00F3F                              load SP, 3f
001  00D00                              load ERRORS, 00

002  34006      ╭─⤙                     jump init_done
                │
003             │                       ;:::::::::: Finish testcase ::::::::::
                │
003  2CDFF     ╭─┬▶          terminate: output ERRORS, portQuit        ; End normally
004  34003     ││╰⤙                     jump terminate
               ││
005            ││                       default_jump exec_error
005  34005     ││╰▶         exec_error: jump exec_error                ; End by exceeding instruction limit
               ││
006            ││            init_done:
               ││
               ││
006            ││                       ;VALIDATES: swap
               ││
006            ││                       ;:::::::::: swap ::::::::::
               ││
006  00042     │╰─▶                     load s0, 42
007  00132     │                        load s1, 32
               │
008  0F010     │                        xor s0, s1                     ; Swap
009  0F100     │                        xor s1, s0
00A  0F010     │                        xor s0, s1
               │
00B            │                        ; If s0 == 0x32
00B  14032     │                        compare s0, 32
00C  3540E     │ ╭⤙                     jump nz, &&NEQ_f1_0001
               │ │
00D  34010     │╭─⤙                     jump &&ENDIF_f1_0002
00E            │││       &&NEQ_f1_0001:
00E  18D01     ││╰▶                     add ERRORS, 01
00F  1AD00     ││                       addcy ERRORS, 00
               ││
010            ││      &&ENDIF_f1_0002:
010            ││                       ; If s1 == 0x42
010  14142     │╰─▶                     compare s1, 42
011  35413     │ ╭⤙                     jump nz, &&NEQ_f1_0003
               │ │
012  34015     │╭─⤙                     jump &&ENDIF_f1_0004
013            │││       &&NEQ_f1_0003:
013  18D01     ││╰▶                     add ERRORS, 01
014  1AD00     ││                       addcy ERRORS, 00
               ││
015            ││      &&ENDIF_f1_0004:
               ││
015  2C0FE     │╰─▶                     output s0, portConsole
               │
016            │                        ;:::::::::: Finish testcase ::::::::::
016  34003     ╰──⤙                     jump terminate


All unused memory locations contain a DEFAULT_JUMP to 005


PSM files that have been assembled
----------------------------------
    /home/saul/projects/opbasm/swap/swap.psm4


List of defined constants
-------------------------
    CONSTANT name      Value  Source PSM file
 ----------------      -----  ---------------
    BEL                07
    BS                 08
    CR                 0D
    DCS                90
    DEL                7F
    ESC                1B
    HT                 09
    LF                 0A
    NUL                00
    ST                 9C
    VT                 0B
    datestamp_day      1F
    datestamp_month    08
    datestamp_year     13
    portConsole        FE     swap.psm4
 *  portISR            FC     swap.psm4
    portQuit           FF     swap.psm4
 *  portROM_H          fa     swap.psm4
 *  portROM_L          fb     swap.psm4
    timestamp_hours    17
    timestamp_minutes  0F
    timestamp_seconds  34

       * Unreferenced constant(s)


  No tables defined


List of text strings
--------------------
    STRING name      Value          Source PSM file
 --------------      -----          ---------------
    Opbasm_version$  "1.3.9"
    datestamp$       "31 Aug 2019"
    timestamp$       "23:15:52"


List of line labels
-------------------
    Label            Addr  Source PSM file
 --------            ----  ---------------
    &&ENDIF_f1_0002  010   swap.psm4
    &&ENDIF_f1_0004  015   swap.psm4
    &&NEQ_f1_0001    00E   swap.psm4
    &&NEQ_f1_0003    013   swap.psm4
    exec_error       005   swap.psm4
    init_done        006   swap.psm4
    terminate        003   swap.psm4


List of pragma blocks
---------------------
   Name  Addr range  Value
   ----  ----------  -----


Instruction usage statistics
----------------------------
   Instruction  Instances
   -----------  ---------
   ADD          2
   ADDCY        2
   AND          -
   CALL         -
   COMPARE      2
   DISABLE      -
   ENABLE       -
   FETCH        -
   INPUT        -
   JUMP         8
   LOAD         4
   OR           -
   OUTPUT       2
   RETURN       -
   RETURNI      -
   RL           -
   RR           -
   SL0          -
   SL1          -
   SLA          -
   SLX          -
   SR0          -
   SR1          -
   SRA          -
   SRX          -
   STORE        -
   SUB          -
   SUBCY        -
   TEST         -
   XOR          3
