Release 14.7 Map P.20131013 (lin64)
Xilinx Mapping Report File for Design 'top'

Design Information
------------------
Command Line   : map -intstyle pa -w top.ngd 
Target Device  : xc6slx9
Target Package : tqg144
Target Speed   : -2
Mapper Version : spartan6 -- $Revision: 1.55 $
Mapped Date    : Mon Oct  7 22:08:54 2019

Design Summary
--------------
Number of errors:      0
Number of warnings:    1
Slice Logic Utilization:
  Number of Slice Registers:                   208 out of  11,440    1%
    Number used as Flip Flops:                 159
    Number used as Latches:                     48
    Number used as Latch-thrus:                  0
    Number used as AND/OR logics:                1
  Number of Slice LUTs:                        387 out of   5,720    6%
    Number used as logic:                      354 out of   5,720    6%
      Number using O6 output only:             248
      Number using O5 output only:              36
      Number using O5 and O6:                   70
      Number used as ROM:                        0
    Number used as Memory:                      25 out of   1,440    1%
      Number used as Dual Port RAM:             16
        Number using O6 output only:             0
        Number using O5 output only:             0
        Number using O5 and O6:                 16
      Number used as Single Port RAM:            8
        Number using O6 output only:             8
        Number using O5 output only:             0
        Number using O5 and O6:                  0
      Number used as Shift Register:             1
        Number using O6 output only:             1
        Number using O5 output only:             0
        Number using O5 and O6:                  0
    Number used exclusively as route-thrus:      8
      Number with same-slice register load:      4
      Number with same-slice carry load:         4
      Number with other load:                    0

Slice Logic Distribution:
  Number of occupied Slices:                   168 out of   1,430   11%
  Number of MUXCYs used:                        96 out of   2,860    3%
  Number of LUT Flip Flop pairs used:          450
    Number with an unused Flip Flop:           262 out of     450   58%
    Number with an unused LUT:                  63 out of     450   14%
    Number of fully used LUT-FF pairs:         125 out of     450   27%
    Number of unique control sets:              47
    Number of slice register sites lost
      to control set restrictions:             200 out of  11,440    1%

  A LUT Flip Flop pair for this architecture represents one LUT paired with
  one Flip Flop within a slice.  A control set is a unique combination of
  clock, reset, set, and enable signals for a registered element.
  The Slice Logic Distribution report is not meaningful if the design is
  over-mapped for a non-slice resource or if Placement fails.

IO Utilization:
  Number of bonded IOBs:                        22 out of     102   21%
    Number of LOCed IOBs:                       22 out of      22  100%
    IOB Latches:                                 8

Specific Feature Utilization:
  Number of RAMB16BWERs:                         1 out of      32    3%
  Number of RAMB8BWERs:                          0 out of      64    0%
  Number of BUFIO2/BUFIO2_2CLKs:                 0 out of      32    0%
  Number of BUFIO2FB/BUFIO2FB_2CLKs:             0 out of      32    0%
  Number of BUFG/BUFGMUXs:                       3 out of      16   18%
    Number used as BUFGs:                        3
    Number used as BUFGMUX:                      0
  Number of DCM/DCM_CLKGENs:                     0 out of       4    0%
  Number of ILOGIC2/ISERDES2s:                   0 out of     200    0%
  Number of IODELAY2/IODRP2/IODRP2_MCBs:         0 out of     200    0%
  Number of OLOGIC2/OSERDES2s:                   8 out of     200    4%
    Number used as OLOGIC2s:                     8
    Number used as OSERDES2s:                    0
  Number of BSCANs:                              0 out of       4    0%
  Number of BUFHs:                               0 out of     128    0%
  Number of BUFPLLs:                             0 out of       8    0%
  Number of BUFPLL_MCBs:                         0 out of       4    0%
  Number of DSP48A1s:                            0 out of      16    0%
  Number of ICAPs:                               0 out of       1    0%
  Number of MCBs:                                0 out of       2    0%
  Number of PCILOGICSEs:                         0 out of       2    0%
  Number of PLL_ADVs:                            0 out of       2    0%
  Number of PMVs:                                0 out of       1    0%
  Number of STARTUPs:                            0 out of       1    0%
  Number of SUSPEND_SYNCs:                       0 out of       1    0%

Average Fanout of Non-Clock Nets:                3.76

Peak Memory Usage:  676 MB
Total REAL time to MAP completion:  5 secs 
Total CPU time to MAP completion:   5 secs 

Table of Contents
-----------------
Section 1 - Errors
Section 2 - Warnings
Section 3 - Informational
Section 4 - Removed Logic Summary
Section 5 - Removed Logic
Section 6 - IOB Properties
Section 7 - RPMs
Section 8 - Guide Report
Section 9 - Area Group and Partition Summary
Section 10 - Timing Report
Section 11 - Configuration String Information
Section 12 - Control Set Information
Section 13 - Utilization by Hierarchy

Section 1 - Errors
------------------

Section 2 - Warnings
--------------------
WARNING:PhysDesignRules:367 - The signal
   <bamse1/pblaze/stack/Mram_spr1_RAMD_D1_O> is incomplete. The signal does not
   drive any load pins in the design.

Section 3 - Informational
-------------------------
INFO:LIT:243 - Logical network bamse1/pblaze/stack/Mram_spr24/SPO has no load.
INFO:LIT:395 - The above info message is repeated 3 more times for the following
   (max. 5 shown):
   bamse1/pblaze/stack/Mram_spr23/SPO,
   bamse1/pblaze/stack/Mram_spr22/SPO,
   bamse1/pblaze/stack/Mram_spr21/SPO
   To see the details of these info messages, please use the -detail switch.
INFO:MapLib:562 - No environment variables are currently set.
INFO:MapLib:159 - Net Timing constraints on signal CLK are pushed forward
   through input buffer.
INFO:Pack:1716 - Initializing temperature to 85.000 Celsius. (default - Range:
   0.000 to 85.000 Celsius)
INFO:Pack:1720 - Initializing voltage to 1.140 Volts. (default - Range: 1.140 to
   1.260 Volts)
INFO:Map:215 - The Interim Design Summary has been generated in the MAP Report
   (.mrp).
INFO:Pack:1650 - Map created a placed design.

Section 4 - Removed Logic Summary
---------------------------------
  11 block(s) optimized away

Section 5 - Removed Logic
-------------------------

Optimized Block(s):
TYPE 		BLOCK
GND 		XST_GND
GND 		bamse1/mem/XST_GND
VCC 		bamse1/mem/XST_VCC
GND 		bamse1/pblaze/XST_GND
GND 		bamse1/pblaze/stack/XST_GND
GND 		bamse1/ports/rx_uart/rx_module/XST_GND
VCC 		bamse1/ports/rx_uart/rx_module/XST_VCC
GND 		bamse1/ports/timer0/tmt/XST_GND
VCC 		bamse1/ports/timer0/tmt/XST_VCC
GND 		bamse1/ports/tx_uart/XST_GND
VCC 		bamse1/ports/tx_uart/XST_VCC

To enable printing of redundant blocks removed and signals merged, set the
detailed map report option and rerun map.

Section 6 - IOB Properties
--------------------------

+---------------------------------------------------------------------------------------------------------------------------------------------------------+
| IOB Name                           | Type             | Direction | IO Standard          | Diff  | Drive    | Slew | Reg (s)      | Resistor | IOB      |
|                                    |                  |           |                      | Term  | Strength | Rate |              |          | Delay    |
+---------------------------------------------------------------------------------------------------------------------------------------------------------+
| ARDUINO_RESET                      | IOB              | OUTPUT    | LVTTL                |       | 12       | SLOW |              |          |          |
| CLK                                | IOB              | INPUT     | LVTTL                |       |          |      |              |          |          |
| DIR_DOWN                           | IOB              | INPUT     | LVTTL                |       |          |      |              |          |          |
| DIR_LEFT                           | IOB              | INPUT     | LVTTL                |       |          |      |              |          |          |
| DIR_RIGHT                          | IOB              | INPUT     | LVTTL                |       |          |      |              |          |          |
| DIR_UP                             | IOB              | INPUT     | LVTTL                |       |          |      |              |          |          |
| LED0                               | IOB              | OUTPUT    | LVTTL                |       | 8        | FAST | OLATCH       |          |          |
| LED1                               | IOB              | OUTPUT    | LVTTL                |       | 8        | FAST | OLATCH       |          |          |
| LED2                               | IOB              | OUTPUT    | LVTTL                |       | 8        | FAST | OLATCH       |          |          |
| LED3                               | IOB              | OUTPUT    | LVTTL                |       | 12       | SLOW | OLATCH       |          |          |
| LED4                               | IOB              | OUTPUT    | LVTTL                |       | 12       | SLOW | OLATCH       |          |          |
| LED5                               | IOB              | OUTPUT    | LVTTL                |       | 12       | SLOW | OLATCH       |          |          |
| LED6                               | IOB              | OUTPUT    | LVTTL                |       | 12       | SLOW | OLATCH       |          |          |
| LED7                               | IOB              | OUTPUT    | LVTTL                |       | 12       | SLOW | OLATCH       |          |          |
| SW0                                | IOB              | INPUT     | LVTTL                |       |          |      |              |          |          |
| SW1                                | IOB              | INPUT     | LVTTL                |       |          |      |              |          |          |
| SW2                                | IOB              | INPUT     | LVTTL                |       |          |      |              |          |          |
| SW3                                | IOB              | INPUT     | LVTTL                |       |          |      |              |          |          |
| SW4                                | IOB              | INPUT     | LVTTL                |       |          |      |              |          |          |
| SW5                                | IOB              | INPUT     | LVTTL                |       |          |      |              |          |          |
| SW6                                | IOB              | OUTPUT    | LVTTL                |       | 8        | FAST |              |          |          |
| SW7                                | IOB              | INPUT     | LVTTL                |       |          |      |              |          |          |
+---------------------------------------------------------------------------------------------------------------------------------------------------------+

Section 7 - RPMs
----------------

Section 8 - Guide Report
------------------------
Guide not run on this design.

Section 9 - Area Group and Partition Summary
--------------------------------------------

Partition Implementation Status
-------------------------------

  No Partitions were found in this design.

-------------------------------

Area Group Information
----------------------

  No area groups were found in this design.

----------------------

Section 10 - Timing Report
--------------------------
A logic-level (pre-route) timing report can be generated by using Xilinx static
timing analysis tools, Timing Analyzer (GUI) or TRCE (command line), with the
mapped NCD and PCF files. Please note that this timing report will be generated
using estimated delay information. For accurate numbers, please generate a
timing report with the post Place and Route NCD file.

For more information about the Timing Analyzer, consult the Xilinx Timing
Analyzer Reference Manual; for more information about TRCE, consult the Xilinx
Command Line Tools User Guide "TRACE" chapter.

Section 11 - Configuration String Details
-----------------------------------------
Use the "-detail" map option to print out Configuration Strings

Section 12 - Control Set Information
------------------------------------
Use the "-detail" map option to print out Control Set Information.

Section 13 - Utilization by Hierarchy
-------------------------------------
Use the "-detail" map option to print out the Utilization by Hierarchy section.
