ISim log file
Running: bamse_tb.exe -intstyle pa -gui -tclbatch isim.cmd -wdb bamse_tb.wdb 
ISim P.20131013 (signature 0xfbc00daa)
WARNING: A WEBPACK license was found.
WARNING: Please use Xilinx License Configuration Manager to check out a full ISim license.
WARNING: ISim will run in Lite mode. Please refer to the ISim documentation for more information on the differences between the Lite and the Full version.
This is a Lite version of ISim.
Time resolution is 1 ps
# onerror resume
# wave add /
# run 10us
Simulator is doing circuit initialization process.
Loading firmware from file: /home/saul/projects/picoblaze/opbasm/hello_duo/porta.hex
Finished circuit initialization process.
001:00f3f
002:00d00
006:34006
01f:3401f
020:0000f
021:001ff
022:14100
023:35028
024:2c001
007:30007
008:004ff
009:00519
00b:3000b
00c:3000c
00d:3000d
00e:3000e
00f:3000f
00f:2a000
00e:2a000
00f:3000f
00f:2a000
00d:2a000
00e:3000e
00f:3000f
00f:2a000
00e:2a000
00f:3000f
00f:2a000
00c:2a000
00d:3000d
00e:3000e
00f:3000f
00f:2a000
00e:2a000
00f:3000f
00f:2a000
00d:2a000
00e:3000e
00f:3000f
00f:2a000
00e:2a000
00f:3000f
00f:2a000
00a:2a000
010:34010
012:30012
013:30013
014:30014
014:2a000
*IRQ*
013:2a000
014:30014
014:2a000
011:2a000
015:34015
016:01ee0
017:01ee0
018:01ee0
019:01ee0
01a:1c501
01b:1e400
009:35c09
00b:3000b
00c:3000c
00d:3000d
00e:3000e
00f:3000f
00f:2a000
00e:2a000
00f:3000f
00f:2a000
00d:2a000
00e:3000e
00f:3000f
00f:2a000
00e:2a000
00f:3000f
00f:2a000
00c:2a000
00d:3000d
00e:3000e
00f:3000f
00f:2a000
00e:2a000
00f:3000f
00f:2a000
00d:2a000
00e:3000e
00f:3000f
00f:2a000
00e:2a000
00f:3000f
00f:2a000
00a:2a000
010:34010
012:30012
013:30013
014:30014
014:2a000
013:2a000
014:30014
014:2a000
011:2a000
015:34015
016:01ee0
017:01ee0
018:01ee0
019:01ee0
01a:1c501
01b:1e400
009:35c09
00b:3000b
00c:3000c
00d:3000d
00e:3000e
00f:3000f
00f:2a000
00e:2a000
00f:3000f
00f:2a000
00d:2a000
00e:3000e
00f:3000f
00f:2a000
00e:2a000
00f:3000f
00f:2a000
00c:2a000
00d:3000d
00e:3000e
00f:3000f
00f:2a000
00e:2a000
00f:3000f
00f:2a000
00d:2a000
00e:3000e
00f:3000f
00f:2a000
00e:2a000
00f:3000f
00f:2a000
00a:2a000
010:34010
012:30012
013:30013
014:30014
014:2a000
013:2a000
014:30014
014:2a000
011:2a000
015:34015
016:01ee0
017:01ee0
018:01ee0
019:01ee0
01a:1c501
01b:1e400
ISim P.20131013 (signature 0xfbc00daa)
WARNING: A WEBPACK license was found.
WARNING: Please use Xilinx License Configuration Manager to check out a full ISim license.
WARNING: ISim will run in Lite mode. Please refer to the ISim documentation for more information on the differences between the Lite and the Full version.
This is a Lite version of ISim.
# run 10us
Simulator is doing circuit initialization process.
Loading firmware from file: /home/saul/projects/picoblaze/opbasm/hello_duo/porta.hex
Finished circuit initialization process.
001:00f3f
002:00d00
006:34006
01f:3401f
020:0000f
021:001ff
022:14100
023:35028
024:2c001
007:30007
008:004ff
009:00519
00b:3000b
00c:3000c
00d:3000d
00e:3000e
00f:3000f
00f:2a000
00e:2a000
00f:3000f
00f:2a000
00d:2a000
00e:3000e
00f:3000f
00f:2a000
00e:2a000
00f:3000f
00f:2a000
00c:2a000
00d:3000d
00e:3000e
00f:3000f
00f:2a000
00e:2a000
00f:3000f
00f:2a000
00d:2a000
00e:3000e
00f:3000f
00f:2a000
00e:2a000
00f:3000f
00f:2a000
00a:2a000
010:34010
012:30012
013:30013
014:30014
014:2a000
*IRQ*
013:2a000
014:30014
014:2a000
011:2a000
015:34015
016:01ee0
017:01ee0
018:01ee0
019:01ee0
01a:1c501
01b:1e400
009:35c09
00b:3000b
00c:3000c
00d:3000d
00e:3000e
00f:3000f
00f:2a000
00e:2a000
00f:3000f
00f:2a000
00d:2a000
00e:3000e
00f:3000f
00f:2a000
00e:2a000
00f:3000f
00f:2a000
00c:2a000
00d:3000d
00e:3000e
00f:3000f
00f:2a000
00e:2a000
00f:3000f
00f:2a000
00d:2a000
00e:3000e
00f:3000f
00f:2a000
00e:2a000
00f:3000f
00f:2a000
00a:2a000
010:34010
012:30012
013:30013
014:30014
014:2a000
013:2a000
014:30014
014:2a000
011:2a000
015:34015
016:01ee0
017:01ee0
018:01ee0
019:01ee0
01a:1c501
01b:1e400
009:35c09
00b:3000b
00c:3000c
00d:3000d
00e:3000e
00f:3000f
00f:2a000
00e:2a000
00f:3000f
00f:2a000
00d:2a000
00e:3000e
00f:3000f
00f:2a000
00e:2a000
00f:3000f
00f:2a000
00c:2a000
00d:3000d
00e:3000e
00f:3000f
00f:2a000
00e:2a000
00f:3000f
00f:2a000
00d:2a000
00e:3000e
00f:3000f
00f:2a000
00e:2a000
00f:3000f
00f:2a000
00a:2a000
010:34010
012:30012
013:30013
014:30014
014:2a000
013:2a000
014:30014
014:2a000
011:2a000
015:34015
016:01ee0
017:01ee0
018:01ee0
019:01ee0
01a:1c501
01b:1e400
# exit 0
