ISim log file
Running: top_tb.exe -intstyle pa -gui -tclbatch isim.cmd -wdb top_tb.wdb 
ISim P.20131013 (signature 0xfbc00daa)
WARNING: A WEBPACK license was found.
WARNING: Please use Xilinx License Configuration Manager to check out a full ISim license.
WARNING: ISim will run in Lite mode. Please refer to the ISim documentation for more information on the differences between the Lite and the Full version.
This is a Lite version of ISim.
Time resolution is 1 ps
# onerror resume
# wave add /
# run 1000ns
Simulator is doing circuit initialization process.
Finished circuit initialization process.
001:00f3f
002:00d00
006:34006
01f:3401f
020:0000f
021:001ff
022:14100
023:35028
024:2c001
007:30007
008:004ff
009:00519
00b:3000b
00c:3000c
# exit 0
