
*** Running xst
    with args -ifn top.xst -ofn top.srp -intstyle ise

Reading design: top.prj

=========================================================================
*                          HDL Parsing                                  *
=========================================================================
Analyzing Verilog file "/home/saul/projects/picoblaze/pacoblaze/bamse_v1/fpga/bamse_v1/bamse_v1.srcs/sources_1/imports/hello_duo/firmware.v" into library work
Parsing module <spartan6_mem>.
Analyzing Verilog file "/home/saul/projects/picoblaze/pacoblaze/bamse_v1/fpga/bamse_v1/bamse_v1.srcs/sources_1/imports/iverilog/bamse.v" into library work
Parsing verilog file "/home/saul/projects/picoblaze/pacoblaze/bamse_v1/fpga/bamse_v1/bamse_v1.srcs/sources_1/imports/iverilog/pacoblaze3.v" included at line 3.
Parsing verilog file "/home/saul/projects/picoblaze/pacoblaze/bamse_v1/fpga/bamse_v1/bamse_v1.srcs/sources_1/imports/iverilog/pacoblaze.v" included at line 16.
Parsing verilog file "/home/saul/projects/picoblaze/pacoblaze/bamse_v1/fpga/bamse_v1/bamse_v1.srcs/sources_1/imports/iverilog/pacoblaze_inc.v" included at line 36.
Parsing verilog file "/home/saul/projects/picoblaze/pacoblaze/bamse_v1/fpga/bamse_v1/bamse_v1.srcs/sources_1/imports/iverilog/pacoblaze_idu.v" included at line 38.
Parsing verilog file "/home/saul/projects/picoblaze/pacoblaze/bamse_v1/fpga/bamse_v1/bamse_v1.srcs/sources_1/imports/iverilog/pacoblaze_inc.v" included at line 36.
Parsing module <pacoblaze3_idu>.
Parsing verilog file "/home/saul/projects/picoblaze/pacoblaze/bamse_v1/fpga/bamse_v1/bamse_v1.srcs/sources_1/imports/iverilog/pacoblaze_alu.v" included at line 39.
Parsing verilog file "/home/saul/projects/picoblaze/pacoblaze/bamse_v1/fpga/bamse_v1/bamse_v1.srcs/sources_1/imports/iverilog/pacoblaze_inc.v" included at line 36.
Parsing module <pacoblaze3_alu>.
Parsing verilog file "/home/saul/projects/picoblaze/pacoblaze/bamse_v1/fpga/bamse_v1/bamse_v1.srcs/sources_1/imports/iverilog/pacoblaze_stack.v" included at line 40.
Parsing verilog file "/home/saul/projects/picoblaze/pacoblaze/bamse_v1/fpga/bamse_v1/bamse_v1.srcs/sources_1/imports/iverilog/pacoblaze_inc.v" included at line 36.
Parsing module <pacoblaze3_stack>.
Parsing verilog file "/home/saul/projects/picoblaze/pacoblaze/bamse_v1/fpga/bamse_v1/bamse_v1.srcs/sources_1/imports/iverilog/pacoblaze_register.v" included at line 44.
Parsing verilog file "/home/saul/projects/picoblaze/pacoblaze/bamse_v1/fpga/bamse_v1/bamse_v1.srcs/sources_1/imports/iverilog/pacoblaze_inc.v" included at line 36.
Parsing module <pacoblaze3_register>.
Parsing verilog file "/home/saul/projects/picoblaze/pacoblaze/bamse_v1/fpga/bamse_v1/bamse_v1.srcs/sources_1/imports/iverilog/pacoblaze_scratch.v" included at line 47.
Parsing verilog file "/home/saul/projects/picoblaze/pacoblaze/bamse_v1/fpga/bamse_v1/bamse_v1.srcs/sources_1/imports/iverilog/pacoblaze_inc.v" included at line 36.
Parsing module <pacoblaze3_scratch>.
WARNING:HDLCompiler:572 - "/home/saul/projects/picoblaze/pacoblaze/bamse_v1/fpga/bamse_v1/bamse_v1.srcs/sources_1/imports/iverilog/pacoblaze.v" Line 55: Macro <operation_is> is redefined.
Parsing module <pacoblaze3>.
Parsing verilog file "/home/saul/projects/picoblaze/pacoblaze/bamse_v1/fpga/bamse_v1/bamse_v1.srcs/sources_1/imports/iverilog/pacoblaze_inc.v" included at line 4.
Parsing verilog file "/home/saul/projects/picoblaze/pacoblaze/bamse_v1/fpga/bamse_v1/bamse_v1.srcs/sources_1/imports/iverilog/gio.v" included at line 5.
Parsing module <outport>.
Parsing module <inport>.
Parsing module <bamse>.
Analyzing Verilog file "/home/saul/projects/picoblaze/pacoblaze/bamse_v1/fpga/bamse_v1/bamse_v1.srcs/sources_1/imports/iverilog/top.v" into library work
Parsing module <top>.

=========================================================================
*                            HDL Elaboration                            *
=========================================================================

Elaborating module <top>.

Elaborating module <bamse>.

Elaborating module <spartan6_mem>.

Elaborating module
<RAMB16BWER(DATA_WIDTH_A=18,DATA_WIDTH_B=18,DOA_REG=0,DOB_REG=0,EN_RSTRAM_A="TRUE",EN_RSTRAM_B="TRUE",INITP_00=256'b1111111111111111111111111111111111111111111111111111111111111111111111111111111111111111111111111111111111111111111111111111111111111111111111111111111111111111111111111111111111010011101101000010000011010100000000101111111110111111111111000011111110110000,INITP_01=256'b1111111111111111111111111111111111111111111111111111111111111111111111111111111111111111111111111111111111111111111111111111111111111111111111111111111111111111111111111111111111111111111111111111111111111111111111111111111111111111111111111111111111111111,INITP_02=256'b1111111111111111111111111111111111111111111111111111111111111111111111111111111111111111111111111111111111111111111111111111111111111111111111111111111111111111111111111111111111111111111111111111111111111111111111111111111111111111111111111111111111111111,INITP_03=256'b11111111111111111111111111111111111111111111111111111111111111111111111111111111111111111111111
11111111111111111111111111111111111111111111111111111111111111111111111111111111111111111111111111111111111111111111111111111111111111111111111111111111111111111,INITP_04=256'b1111111111111111111111111111111111111111111111111111111111111111111111111111111111111111111111111111111111111111111111111111111111111111111111111111111111111111111111111111111111111111111111111111111111111111111111111111111111111111111111111111111111111111,INITP_05=256'b1111111111111111111111111111111111111111111111111111111111111111111111111111111111111111111111111111111111111111111111111111111111111111111111111111111111111111111111111111111111111111111111111111111111111111111111111111111111111111111111111111111111111111,INITP_06=256'b1111111111111111111111111111111111111111111111111111111111111111111111111111111111111111111111111111111111111111111111111111111111111111111111111111111111111111111111111111111111111111111111111111111111111111111111111111111111111111111111111111111111111111,INITP_07=256'b11111111111111111111111111111111111
11111111111111111111111111111111111111111111111111111111111111111111111111111111111111111111111111111111111111111111111111111111111111111111111111111111111111111111111111111111111111111111111111111111111111111111111111111,INIT_00=256'b1010000000000000000000000000111100000000000011100000000000001101000000000000110001000000000100000000000000001011000001010001100100000100111111110100000000011111010000000000010101000000000000111100110111111111010000000000011000001101000000000000111100111111,INIT_01=256'b01111101000000000000000011110111000000001111011100000010111000000100111100100000000001100010100000001000111101110000000011110111000000001111011100000000111101110000010100000000000000000000000010100000000000001001101000000000101010000000000010010,INIT_02=256'b0100000000000101010000000000010101000000000001010100000000000101010000000000010101000000000001010100000000000101010000000000001101000000001000011100000100000001111000000101010100000000000001111100000000000001010100000010100001000001000000000000000111111111,INI
T_03=256'b0100000000000101010000000000010101000000000001010100000000000101010000000000010101000000000001010100000000000101010000000000010101000000000001010100000000000101010000000000010101000000000001010100000000000101010000000000010101000000000001010100000000000101,INIT_04=256'b0100000000000101010000000000010101000000000001010100000000000101010000000000010101000000000001010100000000000101010000000000010101000000000001010100000000000101010000000000010101000000000001010100000000000101010000000000010101000000000001010100000000000101,INIT_05=256'b0100000000000101010000000000010101000000000001010100000000000101010000000000010101000000000001010100000000000101010000000000010101000000000001010100000000000101010000000000010101000000000001010100000000000101010000000000010101000000000001010100000000000101,INIT_06=256'b010000000000010101000000000001010100000000000101010000000000010101000000000001010100000000000101010000000000010101000000000001010100000000000101010000000000010101000000000001010100000000000101010000000000
0101010000000000010101000000000001010100000000000101,INIT_07=256'b0100000000000101010000000000010101000000000001010100000000000101010000000000010101000000000001010100000000000101010000000000010101000000000001010100000000000101010000000000010101000000000001010100000000000101010000000000010101000000000001010100000000000101,INIT_08=256'b0100000000000101010000000000010101000000000001010100000000000101010000000000010101000000000001010100000000000101010000000000010101000000000001010100000000000101010000000000010101000000000001010100000000000101010000000000010101000000000001010100000000000101,INIT_09=256'b0100000000000101010000000000010101000000000001010100000000000101010000000000010101000000000001010100000000000101010000000000010101000000000001010100000000000101010000000000010101000000000001010100000000000101010000000000010101000000000001010100000000000101,INIT_0A=256'b0100000000000101010000000000010101000000000001010100000000000101010000000000010101000000000001010100000000000101010000000000010101000000000001010100
000000000101010000000000010101000000000001010100000000000101010000000000010101000000000001010100000000000101,INIT_0B=256'b0100000000000101010000000000010101000000000001010100000000000101010000000000010101000000000001010100000000000101010000000000010101000000000001010100000000000101010000000000010101000000000001010100000000000101010000000000010101000000000001010100000000000101,INIT_0C=256'b0100000000000101010000000000010101000000000001010100000000000101010000000000010101000000000001010100000000000101010000000000010101000000000001010100000000000101010000000000010101000000000001010100000000000101010000000000010101000000000001010100000000000101,INIT_0D=256'b0100000000000101010000000000010101000000000001010100000000000101010000000000010101000000000001010100000000000101010000000000010101000000000001010100000000000101010000000000010101000000000001010100000000000101010000000000010101000000000001010100000000000101,INIT_0E=256'b01000000000001010100000000000101010000000000010101000000000001010100000000000101010000000000
01010100000000000101010000000000010101000000000001010100000000000101010000000000010101000000000001010100000000000101010000000000010101000000000001010100000000000101,INIT_0F=256'b0100000000000101010000000000010101000000000001010100000000000101010000000000010101000000000001010100000000000101010000000000010101000000000001010100000000000101010000000000010101000000000001010100000000000101010000000000010101000000000001010100000000000101,INIT_10=256'b0100000000000101010000000000010101000000000001010100000000000101010000000000010101000000000001010100000000000101010000000000010101000000000001010100000000000101010000000000010101000000000001010100000000000101010000000000010101000000000001010100000000000101,INIT_11=256'b0100000000000101010000000000010101000000000001010100000000000101010000000000010101000000000001010100000000000101010000000000010101000000000001010100000000000101010000000000010101000000000001010100000000000101010000000000010101000000000001010100000000000101,INIT_12=256'b010000000000010101000000000001010100
0000000001010100000000000101010000000000010101000000000001010100000000000101010000000000010101000000000001010100000000000101010000000000010101000000000001010100000000000101010000000000010101000000000001010100000000000101,INIT_13=256'b0100000000000101010000000000010101000000000001010100000000000101010000000000010101000000000001010100000000000101010000000000010101000000000001010100000000000101010000000000010101000000000001010100000000000101010000000000010101000000000001010100000000000101,INIT_14=256'b0100000000000101010000000000010101000000000001010100000000000101010000000000010101000000000001010100000000000101010000000000010101000000000001010100000000000101010000000000010101000000000001010100000000000101010000000000010101000000000001010100000000000101,INIT_15=256'b0100000000000101010000000000010101000000000001010100000000000101010000000000010101000000000001010100000000000101010000000000010101000000000001010100000000000101010000000000010101000000000001010100000000000101010000000000010101000000000001010100000000
000101,INIT_16=256'b0100000000000101010000000000010101000000000001010100000000000101010000000000010101000000000001010100000000000101010000000000010101000000000001010100000000000101010000000000010101000000000001010100000000000101010000000000010101000000000001010100000000000101,INIT_17=256'b0100000000000101010000000000010101000000000001010100000000000101010000000000010101000000000001010100000000000101010000000000010101000000000001010100000000000101010000000000010101000000000001010100000000000101010000000000010101000000000001010100000000000101,INIT_18=256'b0100000000000101010000000000010101000000000001010100000000000101010000000000010101000000000001010100000000000101010000000000010101000000000001010100000000000101010000000000010101000000000001010100000000000101010000000000010101000000000001010100000000000101,INIT_19=256'b01000000000001010100000000000101010000000000010101000000000001010100000000000101010000000000010101000000000001010100000000000101010000000000010101000000000001010100000000000101010000000000010101
00000000000101010000000000010101000000000001010100000000000101,INIT_1A=256'b0100000000000101010000000000010101000000000001010100000000000101010000000000010101000000000001010100000000000101010000000000010101000000000001010100000000000101010000000000010101000000000001010100000000000101010000000000010101000000000001010100000000000101,INIT_1B=256'b0100000000000101010000000000010101000000000001010100000000000101010000000000010101000000000001010100000000000101010000000000010101000000000001010100000000000101010000000000010101000000000001010100000000000101010000000000010101000000000001010100000000000101,INIT_1C=256'b0100000000000101010000000000010101000000000001010100000000000101010000000000010101000000000001010100000000000101010000000000010101000000000001010100000000000101010000000000010101000000000001010100000000000101010000000000010101000000000001010100000000000101,INIT_1D=256'b010000000000010101000000000001010100000000000101010000000000010101000000000001010100000000000101010000000000010101000000000001010100000000
0001010100000000000101010000000000010101000000000001010100000000000101010000000000010101000000000001010100000000000101,INIT_1E=256'b0100000000000101010000000000010101000000000001010100000000000101010000000000010101000000000001010100000000000101010000000000010101000000000001010100000000000101010000000000010101000000000001010100000000000101010000000000010101000000000001010100000000000101,INIT_1F=256'b0100000000000101010000000000010101000000000001010100000000000101010000000000010101000000000001010100000000000101010000000000010101000000000001010100000000000101010000000000010101000000000001010100000000000101010000000000010101000000000001010100000000000101,INIT_20=256'b0100000000000101010000000000010101000000000001010100000000000101010000000000010101000000000001010100000000000101010000000000010101000000000001010100000000000101010000000000010101000000000001010100000000000101010000000000010101000000000001010100000000000101,INIT_21=256'b0100000000000101010000000000010101000000000001010100000000000101010000000000010101
000000000001010100000000000101010000000000010101000000000001010100000000000101010000000000010101000000000001010100000000000101010000000000010101000000000001010100000000000101,INIT_22=256'b0100000000000101010000000000010101000000000001010100000000000101010000000000010101000000000001010100000000000101010000000000010101000000000001010100000000000101010000000000010101000000000001010100000000000101010000000000010101000000000001010100000000000101,INIT_23=256'b0100000000000101010000000000010101000000000001010100000000000101010000000000010101000000000001010100000000000101010000000000010101000000000001010100000000000101010000000000010101000000000001010100000000000101010000000000010101000000000001010100000000000101,INIT_24=256'b0100000000000101010000000000010101000000000001010100000000000101010000000000010101000000000001010100000000000101010000000000010101000000000001010100000000000101010000000000010101000000000001010100000000000101010000000000010101000000000001010100000000000101,INIT_25=256'b01000000000001010100000000
00010101000000000001010100000000000101010000000000010101000000000001010100000000000101010000000000010101000000000001010100000000000101010000000000010101000000000001010100000000000101010000000000010101000000000001010100000000000101,INIT_26=256'b0100000000000101010000000000010101000000000001010100000000000101010000000000010101000000000001010100000000000101010000000000010101000000000001010100000000000101010000000000010101000000000001010100000000000101010000000000010101000000000001010100000000000101,INIT_27=256'b0100000000000101010000000000010101000000000001010100000000000101010000000000010101000000000001010100000000000101010000000000010101000000000001010100000000000101010000000000010101000000000001010100000000000101010000000000010101000000000001010100000000000101,INIT_28=256'b010000000000010101000000000001010100000000000101010000000000010101000000000001010100000000000101010000000000010101000000000001010100000000000101010000000000010101000000000001010100000000000101010000000000010101000000000001010100000000000101
0100000000000101,INIT_29=256'b0100000000000101010000000000010101000000000001010100000000000101010000000000010101000000000001010100000000000101010000000000010101000000000001010100000000000101010000000000010101000000000001010100000000000101010000000000010101000000000001010100000000000101,INIT_2A=256'b0100000000000101010000000000010101000000000001010100000000000101010000000000010101000000000001010100000000000101010000000000010101000000000001010100000000000101010000000000010101000000000001010100000000000101010000000000010101000000000001010100000000000101,INIT_2B=256'b0100000000000101010000000000010101000000000001010100000000000101010000000000010101000000000001010100000000000101010000000000010101000000000001010100000000000101010000000000010101000000000001010100000000000101010000000000010101000000000001010100000000000101,INIT_2C=256'b0100000000000101010000000000010101000000000001010100000000000101010000000000010101000000000001010100000000000101010000000000010101000000000001010100000000000101010000000000010101000000
000001010100000000000101010000000000010101000000000001010100000000000101,INIT_2D=256'b0100000000000101010000000000010101000000000001010100000000000101010000000000010101000000000001010100000000000101010000000000010101000000000001010100000000000101010000000000010101000000000001010100000000000101010000000000010101000000000001010100000000000101,INIT_2E=256'b0100000000000101010000000000010101000000000001010100000000000101010000000000010101000000000001010100000000000101010000000000010101000000000001010100000000000101010000000000010101000000000001010100000000000101010000000000010101000000000001010100000000000101,INIT_2F=256'b0100000000000101010000000000010101000000000001010100000000000101010000000000010101000000000001010100000000000101010000000000010101000000000001010100000000000101010000000000010101000000000001010100000000000101010000000000010101000000000001010100000000000101,INIT_30=256'b01000000000001010100000000000101010000000000010101000000000001010100000000000101010000000000010101000000000001010100000000000101
01000000000001010100000000000101010000000000010101000000000001010100000000000101010000000000010101000000000001010100000000000101,INIT_31=256'b0100000000000101010000000000010101000000000001010100000000000101010000000000010101000000000001010100000000000101010000000000010101000000000001010100000000000101010000000000010101000000000001010100000000000101010000000000010101000000000001010100000000000101,INIT_32=256'b0100000000000101010000000000010101000000000001010100000000000101010000000000010101000000000001010100000000000101010000000000010101000000000001010100000000000101010000000000010101000000000001010100000000000101010000000000010101000000000001010100000000000101,INIT_33=256'b0100000000000101010000000000010101000000000001010100000000000101010000000000010101000000000001010100000000000101010000000000010101000000000001010100000000000101010000000000010101000000000001010100000000000101010000000000010101000000000001010100000000000101,INIT_34=256'b010000000000010101000000000001010100000000000101010000000000010101000000
0000010101000000000001010100000000000101010000000000010101000000000001010100000000000101010000000000010101000000000001010100000000000101010000000000010101000000000001010100000000000101,INIT_35=256'b0100000000000101010000000000010101000000000001010100000000000101010000000000010101000000000001010100000000000101010000000000010101000000000001010100000000000101010000000000010101000000000001010100000000000101010000000000010101000000000001010100000000000101,INIT_36=256'b0100000000000101010000000000010101000000000001010100000000000101010000000000010101000000000001010100000000000101010000000000010101000000000001010100000000000101010000000000010101000000000001010100000000000101010000000000010101000000000001010100000000000101,INIT_37=256'b0100000000000101010000000000010101000000000001010100000000000101010000000000010101000000000001010100000000000101010000000000010101000000000001010100000000000101010000000000010101000000000001010100000000000101010000000000010101000000000001010100000000000101,INIT_38=256'b0100000000000101
010000000000010101000000000001010100000000000101010000000000010101000000000001010100000000000101010000000000010101000000000001010100000000000101010000000000010101000000000001010100000000000101010000000000010101000000000001010100000000000101,INIT_39=256'b0100000000000101010000000000010101000000000001010100000000000101010000000000010101000000000001010100000000000101010000000000010101000000000001010100000000000101010000000000010101000000000001010100000000000101010000000000010101000000000001010100000000000101,INIT_3A=256'b0100000000000101010000000000010101000000000001010100000000000101010000000000010101000000000001010100000000000101010000000000010101000000000001010100000000000101010000000000010101000000000001010100000000000101010000000000010101000000000001010100000000000101,INIT_3B=256'b01000000000001010100000000000101010000000000010101000000000001010100000000000101010000000000010101000000000001010100000000000101010000000000010101000000000001010100000000000101010000000000010101000000000001010100000000000101010000
00000001010100000000000101,INIT_3C=256'b0100000000000101010000000000010101000000000001010100000000000101010000000000010101000000000001010100000000000101010000000000010101000000000001010100000000000101010000000000010101000000000001010100000000000101010000000000010101000000000001010100000000000101,INIT_3D=256'b0100000000000101010000000000010101000000000001010100000000000101010000000000010101000000000001010100000000000101010000000000010101000000000001010100000000000101010000000000010101000000000001010100000000000101010000000000010101000000000001010100000000000101,INIT_3E=256'b0100000000000101010000000000010101000000000001010100000000000101010000000000010101000000000001010100000000000101010000000000010101000000000001010100000000000101010000000000010101000000000001010100000000000101010000000000010101000000000001010100000000000101,INIT_3F=256'b010000000000010101000000000001010100000000000101010000000000010101000000000001010100000000000101010000000000010101000000000001010100000000000101010000000000010101000000000001
0101000000000001010100000000000101010000000000010101000000000001010100000000000101,INIT_A=36'b0,INIT_B=36'b0,INIT_FILE="NONE",RSTTYPE="SYNC",RST_PRIORITY_A="CE",RST_PRIORITY_B="CE",SIM_COLLISION_CHECK="ALL",SIM_DEVICE="SPARTAN6",SRVAL_A=36'b0,SRVAL_B=36'b0,WRITE_MODE_A="WRITE_FIRST",WRITE_MODE_B="WRITE_FIRST">.
WARNING:HDLCompiler:1127 - "/home/saul/projects/picoblaze/pacoblaze/bamse_v1/fpga/bamse_v1/bamse_v1.srcs/sources_1/imports/hello_duo/firmware.v" Line 175: Assignment to DOB ignored, since the identifier is never used
WARNING:HDLCompiler:1127 - "/home/saul/projects/picoblaze/pacoblaze/bamse_v1/fpga/bamse_v1/bamse_v1.srcs/sources_1/imports/hello_duo/firmware.v" Line 176: Assignment to DOPB ignored, since the identifier is never used

Elaborating module <pacoblaze3>.

Elaborating module <pacoblaze3_idu>.
WARNING:HDLCompiler:1308 - "/home/saul/projects/picoblaze/pacoblaze/bamse_v1/fpga/bamse_v1/bamse_v1.srcs/sources_1/imports/iverilog/pacoblaze_idu.v" Line 169: Found full_case directive in module pacoblaze3_idu. Use of full_case directives may cause differences between RTL and post-synthesis simulation

Elaborating module <pacoblaze3_alu>.

Elaborating module <pacoblaze3_register>.

Elaborating module <pacoblaze3_stack>.

Elaborating module <pacoblaze3_scratch>.
WARNING:HDLCompiler:413 - "/home/saul/projects/picoblaze/pacoblaze/bamse_v1/fpga/bamse_v1/bamse_v1.srcs/sources_1/imports/iverilog/pacoblaze.v" Line 251: Result of 32-bit expression is truncated to fit in 1-bit target.
WARNING:HDLCompiler:413 - "/home/saul/projects/picoblaze/pacoblaze/bamse_v1/fpga/bamse_v1/bamse_v1.srcs/sources_1/imports/iverilog/pacoblaze.v" Line 268: Result of 32-bit expression is truncated to fit in 10-bit target.
WARNING:HDLCompiler:413 - "/home/saul/projects/picoblaze/pacoblaze/bamse_v1/fpga/bamse_v1/bamse_v1.srcs/sources_1/imports/iverilog/pacoblaze.v" Line 274: Result of 32-bit expression is truncated to fit in 10-bit target.
WARNING:HDLCompiler:1127 - "/home/saul/projects/picoblaze/pacoblaze/bamse_v1/fpga/bamse_v1/bamse_v1.srcs/sources_1/imports/iverilog/bamse.v" Line 78: Assignment to iak ignored, since the identifier is never used

Elaborating module <outport(ADDR=8'b01)>.

Elaborating module <inport(ADDR0=8'b010)>.

=========================================================================
*                           HDL Synthesis                               *
=========================================================================

Synthesizing Unit <top>.
    Related source file is "/home/saul/projects/picoblaze/pacoblaze/bamse_v1/fpga/bamse_v1/bamse_v1.srcs/sources_1/imports/iverilog/top.v".
    Summary:
	no macro.
Unit <top> synthesized.

Synthesizing Unit <bamse>.
    Related source file is "/home/saul/projects/picoblaze/pacoblaze/bamse_v1/fpga/bamse_v1/bamse_v1.srcs/sources_1/imports/iverilog/bamse.v".
INFO:Xst:3210 - "/home/saul/projects/picoblaze/pacoblaze/bamse_v1/fpga/bamse_v1/bamse_v1.srcs/sources_1/imports/iverilog/bamse.v" line 66: Output port <interrupt_ack> of the instance <pblaze> is unconnected or connected to loadless signal.
    Summary:
	no macro.
Unit <bamse> synthesized.

Synthesizing Unit <spartan6_mem>.
    Related source file is "/home/saul/projects/picoblaze/pacoblaze/bamse_v1/fpga/bamse_v1/bamse_v1.srcs/sources_1/imports/hello_duo/firmware.v".
    Summary:
	no macro.
Unit <spartan6_mem> synthesized.

Synthesizing Unit <pacoblaze3>.
    Related source file is "/home/saul/projects/picoblaze/pacoblaze/bamse_v1/fpga/bamse_v1/bamse_v1.srcs/sources_1/imports/iverilog/pacoblaze.v".
    Found 1-bit register for signal <read_strobe>.
    Found 1-bit register for signal <write_strobe>.
    Found 1-bit register for signal <register_x_write_enable>.
    Found 1-bit register for signal <scratch_write_enable>.
    Found 1-bit register for signal <interrupt_ack>.
    Found 1-bit register for signal <zero_carry_write_enable>.
    Found 1-bit register for signal <timing_control>.
    Found 10-bit register for signal <program_counter>.
    Found 1-bit register for signal <zero>.
    Found 1-bit register for signal <carry>.
    Found 1-bit register for signal <interrupt_enable>.
    Found 1-bit register for signal <interrupt_latch>.
    Found 1-bit register for signal <zero_saved>.
    Found 1-bit register for signal <carry_saved>.
    Found 2-bit register for signal <reset_latch>.
    Found 11-bit adder for signal <n0164[10:0]> created at line 278.
    Found 32x5-bit Read Only RAM for signal <_n0260>
    Found 8-bit 3-to-1 multiplexer for signal <_n0186> created at line 199.
    Summary:
	inferred   1 RAM(s).
	inferred   1 Adder/Subtractor(s).
	inferred  25 D-type flip-flop(s).
	inferred  15 Multiplexer(s).
Unit <pacoblaze3> synthesized.

Synthesizing Unit <pacoblaze3_idu>.
    Related source file is "/home/saul/projects/picoblaze/pacoblaze/bamse_v1/fpga/bamse_v1/bamse_v1.srcs/sources_1/imports/iverilog/pacoblaze_idu.v".
    Found 32x5-bit Read Only RAM for signal <operation>
    Summary:
	inferred   1 RAM(s).
Unit <pacoblaze3_idu> synthesized.

Synthesizing Unit <pacoblaze3_alu>.
    Related source file is "/home/saul/projects/picoblaze/pacoblaze/bamse_v1/fpga/bamse_v1/bamse_v1.srcs/sources_1/imports/iverilog/pacoblaze_alu.v".
WARNING:Xst:37 - Detected unknown constraint/property "parallel_case". This constraint/property is not supported by the current software release and will be ignored.
WARNING:Xst:37 - Detected unknown constraint/property "full_case". This constraint/property is not supported by the current software release and will be ignored.
    Found 9-bit adder for signal <n0072> created at line 117.
    Found 9-bit adder for signal <addsub_result> created at line 117.
    Found 1-bit 4-to-1 multiplexer for signal <_n0076> created at line 125.
    Summary:
	inferred   2 Adder/Subtractor(s).
	inferred   7 Multiplexer(s).
Unit <pacoblaze3_alu> synthesized.

Synthesizing Unit <pacoblaze3_register>.
    Related source file is "/home/saul/projects/picoblaze/pacoblaze/bamse_v1/fpga/bamse_v1/bamse_v1.srcs/sources_1/imports/iverilog/pacoblaze_register.v".
WARNING:Xst:647 - Input <reset> is never used. This port will be preserved and left unconnected if it belongs to a top-level block or it belongs to a sub-block and the hierarchy of this sub-block is preserved.
    Found 16x8-bit dual-port RAM <Mram_dpr> for signal <dpr>.
    Summary:
	inferred   1 RAM(s).
Unit <pacoblaze3_register> synthesized.

Synthesizing Unit <pacoblaze3_stack>.
    Related source file is "/home/saul/projects/picoblaze/pacoblaze/bamse_v1/fpga/bamse_v1/bamse_v1.srcs/sources_1/imports/iverilog/pacoblaze_stack.v".
    Found 32x10-bit dual-port RAM <Mram_spr> for signal <spr>.
    Found 5-bit register for signal <ptr>.
    Found 6-bit subtractor for signal <GND_9_o_GND_9_o_sub_2_OUT> created at line 51.
    Found 6-bit adder for signal <n0021[5:0]> created at line 51.
    Summary:
	inferred   1 RAM(s).
	inferred   2 Adder/Subtractor(s).
	inferred   5 D-type flip-flop(s).
	inferred   2 Multiplexer(s).
Unit <pacoblaze3_stack> synthesized.

Synthesizing Unit <pacoblaze3_scratch>.
    Related source file is "/home/saul/projects/picoblaze/pacoblaze/bamse_v1/fpga/bamse_v1/bamse_v1.srcs/sources_1/imports/iverilog/pacoblaze_scratch.v".
WARNING:Xst:647 - Input <reset> is never used. This port will be preserved and left unconnected if it belongs to a top-level block or it belongs to a sub-block and the hierarchy of this sub-block is preserved.
    Found 64x8-bit single-port RAM <Mram_spr> for signal <spr>.
    Summary:
	inferred   1 RAM(s).
Unit <pacoblaze3_scratch> synthesized.

Synthesizing Unit <outport>.
    Related source file is "/home/saul/projects/picoblaze/pacoblaze/bamse_v1/fpga/bamse_v1/bamse_v1.srcs/sources_1/imports/iverilog/gio.v".
        ADDR = 8'b00000001
WARNING:Xst:737 - Found 1-bit latch for signal <port_out<6>>. Latches may be generated from incomplete case or if statements. We do not recommend the use of latches in FPGA/CPLD designs, as they may lead to timing problems.
WARNING:Xst:737 - Found 1-bit latch for signal <port_out<5>>. Latches may be generated from incomplete case or if statements. We do not recommend the use of latches in FPGA/CPLD designs, as they may lead to timing problems.
WARNING:Xst:737 - Found 1-bit latch for signal <port_out<4>>. Latches may be generated from incomplete case or if statements. We do not recommend the use of latches in FPGA/CPLD designs, as they may lead to timing problems.
WARNING:Xst:737 - Found 1-bit latch for signal <port_out<3>>. Latches may be generated from incomplete case or if statements. We do not recommend the use of latches in FPGA/CPLD designs, as they may lead to timing problems.
WARNING:Xst:737 - Found 1-bit latch for signal <port_out<2>>. Latches may be generated from incomplete case or if statements. We do not recommend the use of latches in FPGA/CPLD designs, as they may lead to timing problems.
WARNING:Xst:737 - Found 1-bit latch for signal <port_out<1>>. Latches may be generated from incomplete case or if statements. We do not recommend the use of latches in FPGA/CPLD designs, as they may lead to timing problems.
WARNING:Xst:737 - Found 1-bit latch for signal <port_out<0>>. Latches may be generated from incomplete case or if statements. We do not recommend the use of latches in FPGA/CPLD designs, as they may lead to timing problems.
WARNING:Xst:737 - Found 1-bit latch for signal <port_out<7>>. Latches may be generated from incomplete case or if statements. We do not recommend the use of latches in FPGA/CPLD designs, as they may lead to timing problems.
    Summary:
	inferred   8 Latch(s).
Unit <outport> synthesized.

Synthesizing Unit <inport>.
    Related source file is "/home/saul/projects/picoblaze/pacoblaze/bamse_v1/fpga/bamse_v1/bamse_v1.srcs/sources_1/imports/iverilog/gio.v".
        ADDR0 = 8'b00000010
    Found 8-bit register for signal <value_out>.
    Summary:
	inferred   8 D-type flip-flop(s).
Unit <inport> synthesized.

=========================================================================
HDL Synthesis Report

Macro Statistics
# RAMs                                                 : 5
 16x8-bit dual-port RAM                                : 1
 32x10-bit dual-port RAM                               : 1
 32x5-bit single-port Read Only RAM                    : 2
 64x8-bit single-port RAM                              : 1
# Adders/Subtractors                                   : 5
 11-bit adder                                          : 1
 6-bit adder                                           : 1
 6-bit subtractor                                      : 1
 9-bit adder                                           : 2
# Registers                                            : 17
 1-bit register                                        : 13
 10-bit register                                       : 1
 2-bit register                                        : 1
 5-bit register                                        : 1
 8-bit register                                        : 1
# Latches                                              : 8
 1-bit latch                                           : 8
# Multiplexers                                         : 24
 1-bit 2-to-1 multiplexer                              : 9
 1-bit 4-to-1 multiplexer                              : 1
 32-bit 2-to-1 multiplexer                             : 8
 6-bit 2-to-1 multiplexer                              : 1
 8-bit 2-to-1 multiplexer                              : 4
 8-bit 3-to-1 multiplexer                              : 1
# Xors                                                 : 2
 1-bit xor8                                            : 1
 8-bit xor2                                            : 1

=========================================================================

=========================================================================
*                       Advanced HDL Synthesis                          *
=========================================================================


Synthesizing (advanced) Unit <pacoblaze3>.
INFO:Xst:3218 - HDL ADVISOR - The RAM <Mram__n0260> will be implemented on LUTs either because you have described an asynchronous read or because of currently unsupported block RAM features. If you have described an asynchronous read, making it synchronous would allow you to take advantage of available block RAM resources, for optimized device usage and improved timings. Please refer to your documentation for coding guidelines.
    -----------------------------------------------------------------------
    | ram_type           | Distributed                         |          |
    -----------------------------------------------------------------------
    | Port A                                                              |
    |     aspect ratio   | 32-word x 5-bit                     |          |
    |     weA            | connected to signal <GND>           | high     |
    |     addrA          | connected to signal <idu_operation> |          |
    |     diA            | connected to signal <GND>           |          |
    |     doA            | connected to internal node          |          |
    -----------------------------------------------------------------------
Unit <pacoblaze3> synthesized (advanced).

Synthesizing (advanced) Unit <pacoblaze3_idu>.
INFO:Xst:3218 - HDL ADVISOR - The RAM <Mram_operation> will be implemented on LUTs either because you have described an asynchronous read or because of currently unsupported block RAM features. If you have described an asynchronous read, making it synchronous would allow you to take advantage of available block RAM resources, for optimized device usage and improved timings. Please refer to your documentation for coding guidelines.
    -----------------------------------------------------------------------
    | ram_type           | Distributed                         |          |
    -----------------------------------------------------------------------
    | Port A                                                              |
    |     aspect ratio   | 32-word x 5-bit                     |          |
    |     weA            | connected to signal <GND>           | high     |
    |     addrA          | connected to signal <instruction<17:13>> |          |
    |     diA            | connected to signal <GND>           |          |
    |     doA            | connected to signal <operation>     |          |
    -----------------------------------------------------------------------
Unit <pacoblaze3_idu> synthesized (advanced).

Synthesizing (advanced) Unit <pacoblaze3_register>.
INFO:Xst:3218 - HDL ADVISOR - The RAM <Mram_dpr> will be implemented on LUTs either because you have described an asynchronous read or because of currently unsupported block RAM features. If you have described an asynchronous read, making it synchronous would allow you to take advantage of available block RAM resources, for optimized device usage and improved timings. Please refer to your documentation for coding guidelines.
    -----------------------------------------------------------------------
    | ram_type           | Distributed                         |          |
    -----------------------------------------------------------------------
    | Port A                                                              |
    |     aspect ratio   | 16-word x 8-bit                     |          |
    |     clkA           | connected to signal <clk>           | rise     |
    |     weA            | connected to signal <x_write_enable> | high     |
    |     addrA          | connected to signal <x_address>     |          |
    |     diA            | connected to signal <x_data_in>     |          |
    |     doA            | connected to internal node          |          |
    -----------------------------------------------------------------------
    | Port B                                                              |
    |     aspect ratio   | 16-word x 8-bit                     |          |
    |     addrB          | connected to signal <y_address>     |          |
    |     doB            | connected to internal node          |          |
    -----------------------------------------------------------------------
Unit <pacoblaze3_register> synthesized (advanced).

Synthesizing (advanced) Unit <pacoblaze3_scratch>.
INFO:Xst:3218 - HDL ADVISOR - The RAM <Mram_spr> will be implemented on LUTs either because you have described an asynchronous read or because of currently unsupported block RAM features. If you have described an asynchronous read, making it synchronous would allow you to take advantage of available block RAM resources, for optimized device usage and improved timings. Please refer to your documentation for coding guidelines.
    -----------------------------------------------------------------------
    | ram_type           | Distributed                         |          |
    -----------------------------------------------------------------------
    | Port A                                                              |
    |     aspect ratio   | 64-word x 8-bit                     |          |
    |     clkA           | connected to signal <clk>           | rise     |
    |     weA            | connected to signal <write_enable>  | high     |
    |     addrA          | connected to signal <address>       |          |
    |     diA            | connected to signal <data_in>       |          |
    |     doA            | connected to internal node          |          |
    -----------------------------------------------------------------------
Unit <pacoblaze3_scratch> synthesized (advanced).

Synthesizing (advanced) Unit <pacoblaze3_stack>.
INFO:Xst:3212 - HDL ADVISOR - Asynchronous or synchronous initialization of the register <ptr> prevents it from being combined with the RAM <Mram_spr> for implementation as read-only block RAM.
    -----------------------------------------------------------------------
    | ram_type           | Distributed                         |          |
    -----------------------------------------------------------------------
    | Port A                                                              |
    |     aspect ratio   | 32-word x 10-bit                    |          |
    |     clkA           | connected to signal <clk>           | rise     |
    |     weA            | connected to internal node          | high     |
    |     addrA          | connected to signal <ptr>           |          |
    |     diA            | connected to signal <data_in>       |          |
    -----------------------------------------------------------------------
    | Port B                                                              |
    |     aspect ratio   | 32-word x 10-bit                    |          |
    |     addrB          | connected to signal <n0012>         |          |
    |     doB            | connected to internal node          |          |
    -----------------------------------------------------------------------
Unit <pacoblaze3_stack> synthesized (advanced).

=========================================================================
Advanced HDL Synthesis Report

Macro Statistics
# RAMs                                                 : 5
 16x8-bit dual-port distributed RAM                    : 1
 32x10-bit dual-port distributed RAM                   : 1
 32x5-bit single-port distributed Read Only RAM        : 2
 64x8-bit single-port distributed RAM                  : 1
# Adders/Subtractors                                   : 4
 11-bit adder                                          : 1
 6-bit adder                                           : 1
 6-bit subtractor                                      : 1
 9-bit adder carry in                                  : 1
# Registers                                            : 38
 Flip-Flops                                            : 38
# Multiplexers                                         : 19
 1-bit 2-to-1 multiplexer                              : 4
 1-bit 4-to-1 multiplexer                              : 1
 32-bit 2-to-1 multiplexer                             : 8
 6-bit 2-to-1 multiplexer                              : 1
 8-bit 2-to-1 multiplexer                              : 4
 8-bit 3-to-1 multiplexer                              : 1
# Xors                                                 : 2
 1-bit xor8                                            : 1
 8-bit xor2                                            : 1

=========================================================================

=========================================================================
*                         Low Level Synthesis                           *
=========================================================================

Optimizing unit <top> ...

Optimizing unit <inport> ...

Optimizing unit <pacoblaze3> ...

Optimizing unit <pacoblaze3_stack> ...

Optimizing unit <pacoblaze3_alu> ...

Optimizing unit <outport> ...
WARNING:Xst:2677 - Node <bamse1/pblaze/interrupt_ack> of sequential type is unconnected in block <top>.

Mapping all equations...
Building and optimizing final netlist ...
Found area constraint ratio of 100 (+ 0) on block top, actual ratio is 2.

Final Macro Processing ...

=========================================================================
Final Register Report

Macro Statistics
# Registers                                            : 37
 Flip-Flops                                            : 37

=========================================================================

=========================================================================
*                           Partition Report                            *
=========================================================================

Partition Implementation Status
-------------------------------

  No Partitions were found in this design.

-------------------------------

=========================================================================
*                            Design Summary                             *
=========================================================================

Clock Information:
------------------
-----------------------------------+------------------------------+-------+
Clock Signal                       | Clock buffer(FF name)        | Load  |
-----------------------------------+------------------------------+-------+
CLK                                | BUFGP                        | 59    |
bamse1/pblaze/write_strobe         | NONE(bamse1/portA/port_out_7)| 8     |
-----------------------------------+------------------------------+-------+
INFO:Xst:2169 - HDL ADVISOR - Some clock signals were not automatically buffered by XST with BUFG/BUFR resources. Please use the buffer_type constraint in order to insert these buffers to the clock signals to help prevent skew problems.

Asynchronous Control Signals Information:
----------------------------------------
No asynchronous control signals found in this design

Timing Summary:
---------------
Speed Grade: -2

   Minimum period: 9.125ns (Maximum Frequency: 109.589MHz)
   Minimum input arrival time before clock: 4.648ns
   Maximum output required time after clock: 4.174ns
   Maximum combinational path delay: No path found

=========================================================================
